2018-01-22 18:54:35,671 [Worker-0] INFO  c.g.t.t.d.PublishedGradleVersions - Gradle version information cache is out-of-date. Trying to update.
2018-01-22 19:02:04,598 [Worker-5] INFO  o.e.m.c.i.e.AbstractTransferListenerAdapter - Downloading https://repo.maven.apache.org/maven2/org/apache/maven/plugins/maven-compiler-plugin/3.2/maven-compiler-plugin-3.2.jar
2018-01-22 19:02:05,541 [Worker-5] INFO  o.e.m.c.i.e.AbstractTransferListenerAdapter - Downloaded https://repo.maven.apache.org/maven2/org/apache/maven/plugins/maven-compiler-plugin/3.2/maven-compiler-plugin-3.2.jar
2018-01-22 19:02:06,212 [Worker-5] INFO  o.e.m.c.i.e.AbstractTransferListenerAdapter - Downloading https://repo.maven.apache.org/maven2/org/apache/maven/plugins/maven-war-plugin/2.4/maven-war-plugin-2.4.jar
2018-01-22 19:02:06,750 [Worker-5] INFO  o.e.m.c.i.e.AbstractTransferListenerAdapter - Downloaded https://repo.maven.apache.org/maven2/org/apache/maven/plugins/maven-war-plugin/2.4/maven-war-plugin-2.4.jar
2018-01-22 19:02:07,772 [Worker-5] INFO  o.e.m.c.i.e.AbstractTransferListenerAdapter - Downloading https://repo.maven.apache.org/maven2/org/apache/maven/plugins/maven-compiler-plugin/3.2/maven-compiler-plugin-3.2.pom
2018-01-22 19:02:08,040 [Worker-5] INFO  o.e.m.c.i.e.AbstractTransferListenerAdapter - Downloaded https://repo.maven.apache.org/maven2/org/apache/maven/plugins/maven-compiler-plugin/3.2/maven-compiler-plugin-3.2.pom
2018-01-22 19:02:08,342 [Worker-5] INFO  o.e.m.c.i.e.AbstractTransferListenerAdapter - Downloading https://repo.maven.apache.org/maven2/org/apache/maven/plugins/maven-plugins/25/maven-plugins-25.pom
2018-01-22 19:02:08,602 [Worker-5] INFO  o.e.m.c.i.e.AbstractTransferListenerAdapter - Downloaded https://repo.maven.apache.org/maven2/org/apache/maven/plugins/maven-plugins/25/maven-plugins-25.pom
2018-01-22 19:02:10,793 [Worker-5] INFO  o.e.m.c.i.e.AbstractTransferListenerAdapter - Downloading https://repo.maven.apache.org/maven2/org/codehaus/plexus/plexus-compiler-api/2.4/plexus-compiler-api-2.4.pom
2018-01-22 19:02:11,038 [Worker-5] INFO  o.e.m.c.i.e.AbstractTransferListenerAdapter - Downloaded https://repo.maven.apache.org/maven2/org/codehaus/plexus/plexus-compiler-api/2.4/plexus-compiler-api-2.4.pom
2018-01-22 19:02:11,280 [Worker-5] INFO  o.e.m.c.i.e.AbstractTransferListenerAdapter - Downloading https://repo.maven.apache.org/maven2/org/codehaus/plexus/plexus-compiler/2.4/plexus-compiler-2.4.pom
2018-01-22 19:02:11,720 [Worker-5] INFO  o.e.m.c.i.e.AbstractTransferListenerAdapter - Downloaded https://repo.maven.apache.org/maven2/org/codehaus/plexus/plexus-compiler/2.4/plexus-compiler-2.4.pom
2018-01-22 19:02:12,058 [Worker-5] INFO  o.e.m.c.i.e.AbstractTransferListenerAdapter - Downloading https://repo.maven.apache.org/maven2/org/codehaus/plexus/plexus-utils/3.0.10/plexus-utils-3.0.10.pom
2018-01-22 19:02:12,299 [Worker-5] INFO  o.e.m.c.i.e.AbstractTransferListenerAdapter - Downloaded https://repo.maven.apache.org/maven2/org/codehaus/plexus/plexus-utils/3.0.10/plexus-utils-3.0.10.pom
2018-01-22 19:02:12,579 [Worker-5] INFO  o.e.m.c.i.e.AbstractTransferListenerAdapter - Downloading https://repo.maven.apache.org/maven2/org/codehaus/plexus/plexus-compiler-manager/2.4/plexus-compiler-manager-2.4.pom
2018-01-22 19:02:13,130 [Worker-5] INFO  o.e.m.c.i.e.AbstractTransferListenerAdapter - Downloaded https://repo.maven.apache.org/maven2/org/codehaus/plexus/plexus-compiler-manager/2.4/plexus-compiler-manager-2.4.pom
2018-01-22 19:02:13,379 [Worker-5] INFO  o.e.m.c.i.e.AbstractTransferListenerAdapter - Downloading https://repo.maven.apache.org/maven2/org/codehaus/plexus/plexus-compiler-javac/2.4/plexus-compiler-javac-2.4.pom
2018-01-22 19:02:13,621 [Worker-5] INFO  o.e.m.c.i.e.AbstractTransferListenerAdapter - Downloaded https://repo.maven.apache.org/maven2/org/codehaus/plexus/plexus-compiler-javac/2.4/plexus-compiler-javac-2.4.pom
2018-01-22 19:02:13,884 [Worker-5] INFO  o.e.m.c.i.e.AbstractTransferListenerAdapter - Downloading https://repo.maven.apache.org/maven2/org/codehaus/plexus/plexus-compilers/2.4/plexus-compilers-2.4.pom
2018-01-22 19:02:14,125 [Worker-5] INFO  o.e.m.c.i.e.AbstractTransferListenerAdapter - Downloaded https://repo.maven.apache.org/maven2/org/codehaus/plexus/plexus-compilers/2.4/plexus-compilers-2.4.pom
2018-01-22 19:02:14,868 [Worker-5] INFO  o.e.m.c.i.e.AbstractTransferListenerAdapter - Downloading https://repo.maven.apache.org/maven2/org/codehaus/plexus/plexus-compiler-api/2.4/plexus-compiler-api-2.4.jar
2018-01-22 19:02:15,130 [Worker-5] INFO  o.e.m.c.i.e.AbstractTransferListenerAdapter - Downloaded https://repo.maven.apache.org/maven2/org/codehaus/plexus/plexus-compiler-api/2.4/plexus-compiler-api-2.4.jar
2018-01-22 19:02:15,365 [Worker-5] INFO  o.e.m.c.i.e.AbstractTransferListenerAdapter - Downloading https://repo.maven.apache.org/maven2/org/codehaus/plexus/plexus-compiler-manager/2.4/plexus-compiler-manager-2.4.jar
2018-01-22 19:02:15,931 [Worker-5] INFO  o.e.m.c.i.e.AbstractTransferListenerAdapter - Downloaded https://repo.maven.apache.org/maven2/org/codehaus/plexus/plexus-compiler-manager/2.4/plexus-compiler-manager-2.4.jar
2018-01-22 19:02:16,206 [Worker-5] INFO  o.e.m.c.i.e.AbstractTransferListenerAdapter - Downloading https://repo.maven.apache.org/maven2/org/codehaus/plexus/plexus-compiler-javac/2.4/plexus-compiler-javac-2.4.jar
2018-01-22 19:02:16,527 [Worker-5] INFO  o.e.m.c.i.e.AbstractTransferListenerAdapter - Downloaded https://repo.maven.apache.org/maven2/org/codehaus/plexus/plexus-compiler-javac/2.4/plexus-compiler-javac-2.4.jar
2018-01-22 19:02:18,057 [Worker-5] INFO  o.e.m.c.i.l.LifecycleMappingFactory - Using org.maven.ide.eclipse.wtp.WarLifecycleMapping lifecycle mapping for MavenProject: com.websystique.springmvc:Spring4MVCJmsActiveMQExample:1.0.0 @ D:\SpringJMS\Spring4MVCJmsActiveMQExample\pom.xml.
2018-01-22 19:02:19,044 [Worker-5] INFO  o.e.m.c.i.e.AbstractTransferListenerAdapter - Downloading https://repo.maven.apache.org/maven2/org/springframework/spring-core/4.3.0.RELEASE/spring-core-4.3.0.RELEASE.pom
2018-01-22 19:02:19,290 [Worker-5] INFO  o.e.m.c.i.e.AbstractTransferListenerAdapter - Downloaded https://repo.maven.apache.org/maven2/org/springframework/spring-core/4.3.0.RELEASE/spring-core-4.3.0.RELEASE.pom
2018-01-22 19:02:19,647 [Worker-5] INFO  o.e.m.c.i.e.AbstractTransferListenerAdapter - Downloading https://repo.maven.apache.org/maven2/org/springframework/spring-context/4.3.0.RELEASE/spring-context-4.3.0.RELEASE.pom
2018-01-22 19:02:19,906 [Worker-5] INFO  o.e.m.c.i.e.AbstractTransferListenerAdapter - Downloaded https://repo.maven.apache.org/maven2/org/springframework/spring-context/4.3.0.RELEASE/spring-context-4.3.0.RELEASE.pom
2018-01-22 19:02:20,150 [Worker-5] INFO  o.e.m.c.i.e.AbstractTransferListenerAdapter - Downloading https://repo.maven.apache.org/maven2/org/springframework/spring-aop/4.3.0.RELEASE/spring-aop-4.3.0.RELEASE.pom
2018-01-22 19:02:20,392 [Worker-5] INFO  o.e.m.c.i.e.AbstractTransferListenerAdapter - Downloaded https://repo.maven.apache.org/maven2/org/springframework/spring-aop/4.3.0.RELEASE/spring-aop-4.3.0.RELEASE.pom
2018-01-22 19:02:20,639 [Worker-5] INFO  o.e.m.c.i.e.AbstractTransferListenerAdapter - Downloading https://repo.maven.apache.org/maven2/org/springframework/spring-beans/4.3.0.RELEASE/spring-beans-4.3.0.RELEASE.pom
2018-01-22 19:02:20,881 [Worker-5] INFO  o.e.m.c.i.e.AbstractTransferListenerAdapter - Downloaded https://repo.maven.apache.org/maven2/org/springframework/spring-beans/4.3.0.RELEASE/spring-beans-4.3.0.RELEASE.pom
2018-01-22 19:02:21,128 [Worker-5] INFO  o.e.m.c.i.e.AbstractTransferListenerAdapter - Downloading https://repo.maven.apache.org/maven2/org/springframework/spring-expression/4.3.0.RELEASE/spring-expression-4.3.0.RELEASE.pom
2018-01-22 19:02:21,369 [Worker-5] INFO  o.e.m.c.i.e.AbstractTransferListenerAdapter - Downloaded https://repo.maven.apache.org/maven2/org/springframework/spring-expression/4.3.0.RELEASE/spring-expression-4.3.0.RELEASE.pom
2018-01-22 19:02:21,615 [Worker-5] INFO  o.e.m.c.i.e.AbstractTransferListenerAdapter - Downloading https://repo.maven.apache.org/maven2/org/springframework/spring-web/4.3.0.RELEASE/spring-web-4.3.0.RELEASE.pom
2018-01-22 19:02:21,902 [Worker-5] INFO  o.e.m.c.i.e.AbstractTransferListenerAdapter - Downloaded https://repo.maven.apache.org/maven2/org/springframework/spring-web/4.3.0.RELEASE/spring-web-4.3.0.RELEASE.pom
2018-01-22 19:02:22,151 [Worker-5] INFO  o.e.m.c.i.e.AbstractTransferListenerAdapter - Downloading https://repo.maven.apache.org/maven2/org/springframework/spring-webmvc/4.3.0.RELEASE/spring-webmvc-4.3.0.RELEASE.pom
2018-01-22 19:02:22,480 [Worker-5] INFO  o.e.m.c.i.e.AbstractTransferListenerAdapter - Downloaded https://repo.maven.apache.org/maven2/org/springframework/spring-webmvc/4.3.0.RELEASE/spring-webmvc-4.3.0.RELEASE.pom
2018-01-22 19:02:22,736 [Worker-5] INFO  o.e.m.c.i.e.AbstractTransferListenerAdapter - Downloading https://repo.maven.apache.org/maven2/org/springframework/spring-jms/4.3.0.RELEASE/spring-jms-4.3.0.RELEASE.pom
2018-01-22 19:02:22,984 [Worker-5] INFO  o.e.m.c.i.e.AbstractTransferListenerAdapter - Downloaded https://repo.maven.apache.org/maven2/org/springframework/spring-jms/4.3.0.RELEASE/spring-jms-4.3.0.RELEASE.pom
2018-01-22 19:02:23,230 [Worker-5] INFO  o.e.m.c.i.e.AbstractTransferListenerAdapter - Downloading https://repo.maven.apache.org/maven2/org/springframework/spring-messaging/4.3.0.RELEASE/spring-messaging-4.3.0.RELEASE.pom
2018-01-22 19:02:23,470 [Worker-5] INFO  o.e.m.c.i.e.AbstractTransferListenerAdapter - Downloaded https://repo.maven.apache.org/maven2/org/springframework/spring-messaging/4.3.0.RELEASE/spring-messaging-4.3.0.RELEASE.pom
2018-01-22 19:02:23,713 [Worker-5] INFO  o.e.m.c.i.e.AbstractTransferListenerAdapter - Downloading https://repo.maven.apache.org/maven2/org/springframework/spring-tx/4.3.0.RELEASE/spring-tx-4.3.0.RELEASE.pom
2018-01-22 19:02:23,955 [Worker-5] INFO  o.e.m.c.i.e.AbstractTransferListenerAdapter - Downloaded https://repo.maven.apache.org/maven2/org/springframework/spring-tx/4.3.0.RELEASE/spring-tx-4.3.0.RELEASE.pom
2018-01-22 19:02:24,202 [Worker-5] INFO  o.e.m.c.i.e.AbstractTransferListenerAdapter - Downloading https://repo.maven.apache.org/maven2/org/apache/activemq/activemq-spring/5.13.3/activemq-spring-5.13.3.pom
2018-01-22 19:02:24,514 [Worker-5] INFO  o.e.m.c.i.e.AbstractTransferListenerAdapter - Downloaded https://repo.maven.apache.org/maven2/org/apache/activemq/activemq-spring/5.13.3/activemq-spring-5.13.3.pom
2018-01-22 19:02:24,761 [Worker-5] INFO  o.e.m.c.i.e.AbstractTransferListenerAdapter - Downloading https://repo.maven.apache.org/maven2/org/apache/activemq/activemq-parent/5.13.3/activemq-parent-5.13.3.pom
2018-01-22 19:02:25,291 [Worker-5] INFO  o.e.m.c.i.e.AbstractTransferListenerAdapter - Downloaded https://repo.maven.apache.org/maven2/org/apache/activemq/activemq-parent/5.13.3/activemq-parent-5.13.3.pom
2018-01-22 19:02:25,615 [Worker-5] INFO  o.e.m.c.i.e.AbstractTransferListenerAdapter - Downloading https://repo.maven.apache.org/maven2/org/slf4j/slf4j-api/1.7.13/slf4j-api-1.7.13.pom
2018-01-22 19:02:25,858 [Worker-5] INFO  o.e.m.c.i.e.AbstractTransferListenerAdapter - Downloaded https://repo.maven.apache.org/maven2/org/slf4j/slf4j-api/1.7.13/slf4j-api-1.7.13.pom
2018-01-22 19:02:26,150 [Worker-5] INFO  o.e.m.c.i.e.AbstractTransferListenerAdapter - Downloading https://repo.maven.apache.org/maven2/org/slf4j/slf4j-parent/1.7.13/slf4j-parent-1.7.13.pom
2018-01-22 19:02:26,427 [Worker-5] INFO  o.e.m.c.i.e.AbstractTransferListenerAdapter - Downloaded https://repo.maven.apache.org/maven2/org/slf4j/slf4j-parent/1.7.13/slf4j-parent-1.7.13.pom
2018-01-22 19:02:26,686 [Worker-5] INFO  o.e.m.c.i.e.AbstractTransferListenerAdapter - Downloading https://repo.maven.apache.org/maven2/org/apache/xbean/xbean-spring/3.18/xbean-spring-3.18.pom
2018-01-22 19:02:26,941 [Worker-5] INFO  o.e.m.c.i.e.AbstractTransferListenerAdapter - Downloaded https://repo.maven.apache.org/maven2/org/apache/xbean/xbean-spring/3.18/xbean-spring-3.18.pom
2018-01-22 19:02:27,185 [Worker-5] INFO  o.e.m.c.i.e.AbstractTransferListenerAdapter - Downloading https://repo.maven.apache.org/maven2/org/apache/xbean/xbean/3.18/xbean-3.18.pom
2018-01-22 19:02:27,489 [Worker-5] INFO  o.e.m.c.i.e.AbstractTransferListenerAdapter - Downloaded https://repo.maven.apache.org/maven2/org/apache/xbean/xbean/3.18/xbean-3.18.pom
2018-01-22 19:02:27,772 [Worker-5] INFO  o.e.m.c.i.e.AbstractTransferListenerAdapter - Downloading https://repo.maven.apache.org/maven2/org/apache/geronimo/genesis/genesis-java5-flava/2.1/genesis-java5-flava-2.1.pom
2018-01-22 19:02:28,013 [Worker-5] INFO  o.e.m.c.i.e.AbstractTransferListenerAdapter - Downloaded https://repo.maven.apache.org/maven2/org/apache/geronimo/genesis/genesis-java5-flava/2.1/genesis-java5-flava-2.1.pom
2018-01-22 19:02:28,256 [Worker-5] INFO  o.e.m.c.i.e.AbstractTransferListenerAdapter - Downloading https://repo.maven.apache.org/maven2/org/apache/geronimo/genesis/genesis-default-flava/2.1/genesis-default-flava-2.1.pom
2018-01-22 19:02:28,518 [Worker-5] INFO  o.e.m.c.i.e.AbstractTransferListenerAdapter - Downloaded https://repo.maven.apache.org/maven2/org/apache/geronimo/genesis/genesis-default-flava/2.1/genesis-default-flava-2.1.pom
2018-01-22 19:02:28,763 [Worker-5] INFO  o.e.m.c.i.e.AbstractTransferListenerAdapter - Downloading https://repo.maven.apache.org/maven2/org/apache/geronimo/genesis/genesis/2.1/genesis-2.1.pom
2018-01-22 19:02:29,016 [Worker-5] INFO  o.e.m.c.i.e.AbstractTransferListenerAdapter - Downloaded https://repo.maven.apache.org/maven2/org/apache/geronimo/genesis/genesis/2.1/genesis-2.1.pom
2018-01-22 19:02:29,262 [Worker-5] INFO  o.e.m.c.i.e.AbstractTransferListenerAdapter - Downloading https://repo.maven.apache.org/maven2/commons-logging/commons-logging/1.0.3/commons-logging-1.0.3.pom
2018-01-22 19:02:29,501 [Worker-5] INFO  o.e.m.c.i.e.AbstractTransferListenerAdapter - Downloaded https://repo.maven.apache.org/maven2/commons-logging/commons-logging/1.0.3/commons-logging-1.0.3.pom
2018-01-22 19:02:29,746 [Worker-5] INFO  o.e.m.c.i.e.AbstractTransferListenerAdapter - Downloading https://repo.maven.apache.org/maven2/org/apache/activemq/activemq-broker/5.13.3/activemq-broker-5.13.3.pom
2018-01-22 19:02:29,992 [Worker-5] INFO  o.e.m.c.i.e.AbstractTransferListenerAdapter - Downloaded https://repo.maven.apache.org/maven2/org/apache/activemq/activemq-broker/5.13.3/activemq-broker-5.13.3.pom
2018-01-22 19:02:30,244 [Worker-5] INFO  o.e.m.c.i.e.AbstractTransferListenerAdapter - Downloading https://repo.maven.apache.org/maven2/org/apache/activemq/activemq-client/5.13.3/activemq-client-5.13.3.pom
2018-01-22 19:02:30,498 [Worker-5] INFO  o.e.m.c.i.e.AbstractTransferListenerAdapter - Downloaded https://repo.maven.apache.org/maven2/org/apache/activemq/activemq-client/5.13.3/activemq-client-5.13.3.pom
2018-01-22 19:02:30,757 [Worker-5] INFO  o.e.m.c.i.e.AbstractTransferListenerAdapter - Downloading https://repo.maven.apache.org/maven2/org/apache/geronimo/specs/geronimo-jms_1.1_spec/1.1.1/geronimo-jms_1.1_spec-1.1.1.pom
2018-01-22 19:02:31,032 [Worker-5] INFO  o.e.m.c.i.e.AbstractTransferListenerAdapter - Downloaded https://repo.maven.apache.org/maven2/org/apache/geronimo/specs/geronimo-jms_1.1_spec/1.1.1/geronimo-jms_1.1_spec-1.1.1.pom
2018-01-22 19:02:31,276 [Worker-5] INFO  o.e.m.c.i.e.AbstractTransferListenerAdapter - Downloading https://repo.maven.apache.org/maven2/org/apache/geronimo/specs/specs/1.4/specs-1.4.pom
2018-01-22 19:02:31,531 [Worker-5] INFO  o.e.m.c.i.e.AbstractTransferListenerAdapter - Downloaded https://repo.maven.apache.org/maven2/org/apache/geronimo/specs/specs/1.4/specs-1.4.pom
2018-01-22 19:02:31,778 [Worker-5] INFO  o.e.m.c.i.e.AbstractTransferListenerAdapter - Downloading https://repo.maven.apache.org/maven2/org/apache/geronimo/genesis/config/project-config/1.2/project-config-1.2.pom
2018-01-22 19:02:32,040 [Worker-5] INFO  o.e.m.c.i.e.AbstractTransferListenerAdapter - Downloaded https://repo.maven.apache.org/maven2/org/apache/geronimo/genesis/config/project-config/1.2/project-config-1.2.pom
2018-01-22 19:02:32,290 [Worker-5] INFO  o.e.m.c.i.e.AbstractTransferListenerAdapter - Downloading https://repo.maven.apache.org/maven2/org/apache/geronimo/genesis/config/config/1.2/config-1.2.pom
2018-01-22 19:02:32,573 [Worker-5] INFO  o.e.m.c.i.e.AbstractTransferListenerAdapter - Downloaded https://repo.maven.apache.org/maven2/org/apache/geronimo/genesis/config/config/1.2/config-1.2.pom
2018-01-22 19:02:32,894 [Worker-5] INFO  o.e.m.c.i.e.AbstractTransferListenerAdapter - Downloading https://repo.maven.apache.org/maven2/org/apache/geronimo/genesis/genesis/1.2/genesis-1.2.pom
2018-01-22 19:02:33,200 [Worker-5] INFO  o.e.m.c.i.e.AbstractTransferListenerAdapter - Downloaded https://repo.maven.apache.org/maven2/org/apache/geronimo/genesis/genesis/1.2/genesis-1.2.pom
2018-01-22 19:02:33,453 [Worker-5] INFO  o.e.m.c.i.e.AbstractTransferListenerAdapter - Downloading https://repo.maven.apache.org/maven2/org/fusesource/hawtbuf/hawtbuf/1.11/hawtbuf-1.11.pom
2018-01-22 19:02:33,783 [Worker-5] INFO  o.e.m.c.i.e.AbstractTransferListenerAdapter - Downloaded https://repo.maven.apache.org/maven2/org/fusesource/hawtbuf/hawtbuf/1.11/hawtbuf-1.11.pom
2018-01-22 19:02:34,084 [Worker-5] INFO  o.e.m.c.i.e.AbstractTransferListenerAdapter - Downloading https://repo.maven.apache.org/maven2/org/fusesource/hawtbuf/hawtbuf-project/1.11/hawtbuf-project-1.11.pom
2018-01-22 19:02:34,340 [Worker-5] INFO  o.e.m.c.i.e.AbstractTransferListenerAdapter - Downloaded https://repo.maven.apache.org/maven2/org/fusesource/hawtbuf/hawtbuf-project/1.11/hawtbuf-project-1.11.pom
2018-01-22 19:02:34,587 [Worker-5] INFO  o.e.m.c.i.e.AbstractTransferListenerAdapter - Downloading https://repo.maven.apache.org/maven2/org/fusesource/fusesource-pom/1.10/fusesource-pom-1.10.pom
2018-01-22 19:02:34,857 [Worker-5] INFO  o.e.m.c.i.e.AbstractTransferListenerAdapter - Downloaded https://repo.maven.apache.org/maven2/org/fusesource/fusesource-pom/1.10/fusesource-pom-1.10.pom
2018-01-22 19:02:35,104 [Worker-5] INFO  o.e.m.c.i.e.AbstractTransferListenerAdapter - Downloading https://repo.maven.apache.org/maven2/org/apache/geronimo/specs/geronimo-j2ee-management_1.1_spec/1.0.1/geronimo-j2ee-management_1.1_spec-1.0.1.pom
2018-01-22 19:02:35,344 [Worker-5] INFO  o.e.m.c.i.e.AbstractTransferListenerAdapter - Downloaded https://repo.maven.apache.org/maven2/org/apache/geronimo/specs/geronimo-j2ee-management_1.1_spec/1.0.1/geronimo-j2ee-management_1.1_spec-1.0.1.pom
2018-01-22 19:02:35,593 [Worker-5] INFO  o.e.m.c.i.e.AbstractTransferListenerAdapter - Downloading https://repo.maven.apache.org/maven2/org/apache/activemq/activemq-openwire-legacy/5.13.3/activemq-openwire-legacy-5.13.3.pom
2018-01-22 19:02:35,881 [Worker-5] INFO  o.e.m.c.i.e.AbstractTransferListenerAdapter - Downloaded https://repo.maven.apache.org/maven2/org/apache/activemq/activemq-openwire-legacy/5.13.3/activemq-openwire-legacy-5.13.3.pom
2018-01-22 19:02:36,136 [Worker-5] INFO  o.e.m.c.i.e.AbstractTransferListenerAdapter - Downloading https://repo.maven.apache.org/maven2/org/apache/activemq/activemq-pool/5.13.3/activemq-pool-5.13.3.pom
2018-01-22 19:02:36,394 [Worker-5] INFO  o.e.m.c.i.e.AbstractTransferListenerAdapter - Downloaded https://repo.maven.apache.org/maven2/org/apache/activemq/activemq-pool/5.13.3/activemq-pool-5.13.3.pom
2018-01-22 19:02:36,650 [Worker-5] INFO  o.e.m.c.i.e.AbstractTransferListenerAdapter - Downloading https://repo.maven.apache.org/maven2/org/apache/activemq/activemq-jms-pool/5.13.3/activemq-jms-pool-5.13.3.pom
2018-01-22 19:02:36,898 [Worker-5] INFO  o.e.m.c.i.e.AbstractTransferListenerAdapter - Downloaded https://repo.maven.apache.org/maven2/org/apache/activemq/activemq-jms-pool/5.13.3/activemq-jms-pool-5.13.3.pom
2018-01-22 19:02:37,149 [Worker-5] INFO  o.e.m.c.i.e.AbstractTransferListenerAdapter - Downloading https://repo.maven.apache.org/maven2/org/apache/geronimo/specs/geronimo-jta_1.0.1B_spec/1.0.1/geronimo-jta_1.0.1B_spec-1.0.1.pom
2018-01-22 19:02:37,389 [Worker-5] INFO  o.e.m.c.i.e.AbstractTransferListenerAdapter - Downloaded https://repo.maven.apache.org/maven2/org/apache/geronimo/specs/geronimo-jta_1.0.1B_spec/1.0.1/geronimo-jta_1.0.1B_spec-1.0.1.pom
2018-01-22 19:02:37,632 [Worker-5] INFO  o.e.m.c.i.e.AbstractTransferListenerAdapter - Downloading https://repo.maven.apache.org/maven2/org/apache/geronimo/specs/specs/1.1/specs-1.1.pom
2018-01-22 19:02:37,884 [Worker-5] INFO  o.e.m.c.i.e.AbstractTransferListenerAdapter - Downloaded https://repo.maven.apache.org/maven2/org/apache/geronimo/specs/specs/1.1/specs-1.1.pom
2018-01-22 19:02:38,127 [Worker-5] INFO  o.e.m.c.i.e.AbstractTransferListenerAdapter - Downloading https://repo.maven.apache.org/maven2/org/apache/apache/1/apache-1.pom
2018-01-22 19:02:38,367 [Worker-5] INFO  o.e.m.c.i.e.AbstractTransferListenerAdapter - Downloaded https://repo.maven.apache.org/maven2/org/apache/apache/1/apache-1.pom
2018-01-22 19:02:38,655 [Worker-5] INFO  o.e.m.c.i.e.AbstractTransferListenerAdapter - Downloading https://repo.maven.apache.org/maven2/ch/qos/logback/logback-classic/1.1.7/logback-classic-1.1.7.pom
2018-01-22 19:02:38,908 [Worker-5] INFO  o.e.m.c.i.e.AbstractTransferListenerAdapter - Downloaded https://repo.maven.apache.org/maven2/ch/qos/logback/logback-classic/1.1.7/logback-classic-1.1.7.pom
2018-01-22 19:02:39,153 [Worker-5] INFO  o.e.m.c.i.e.AbstractTransferListenerAdapter - Downloading https://repo.maven.apache.org/maven2/ch/qos/logback/logback-parent/1.1.7/logback-parent-1.1.7.pom
2018-01-22 19:02:39,427 [Worker-5] INFO  o.e.m.c.i.e.AbstractTransferListenerAdapter - Downloaded https://repo.maven.apache.org/maven2/ch/qos/logback/logback-parent/1.1.7/logback-parent-1.1.7.pom
2018-01-22 19:02:39,675 [Worker-5] INFO  o.e.m.c.i.e.AbstractTransferListenerAdapter - Downloading https://repo.maven.apache.org/maven2/ch/qos/logback/logback-core/1.1.7/logback-core-1.1.7.pom
2018-01-22 19:02:39,930 [Worker-5] INFO  o.e.m.c.i.e.AbstractTransferListenerAdapter - Downloaded https://repo.maven.apache.org/maven2/ch/qos/logback/logback-core/1.1.7/logback-core-1.1.7.pom
2018-01-22 19:02:40,211 [Worker-5] INFO  o.e.m.c.i.e.AbstractTransferListenerAdapter - Downloading https://repo.maven.apache.org/maven2/org/slf4j/slf4j-api/1.7.20/slf4j-api-1.7.20.pom
2018-01-22 19:02:40,492 [Worker-5] INFO  o.e.m.c.i.e.AbstractTransferListenerAdapter - Downloaded https://repo.maven.apache.org/maven2/org/slf4j/slf4j-api/1.7.20/slf4j-api-1.7.20.pom
2018-01-22 19:02:40,738 [Worker-5] INFO  o.e.m.c.i.e.AbstractTransferListenerAdapter - Downloading https://repo.maven.apache.org/maven2/org/slf4j/slf4j-parent/1.7.20/slf4j-parent-1.7.20.pom
2018-01-22 19:02:41,027 [Worker-5] INFO  o.e.m.c.i.e.AbstractTransferListenerAdapter - Downloaded https://repo.maven.apache.org/maven2/org/slf4j/slf4j-parent/1.7.20/slf4j-parent-1.7.20.pom
2018-01-22 19:02:41,447 [Worker-5] INFO  o.e.m.c.i.e.AbstractTransferListenerAdapter - Downloading https://repo.maven.apache.org/maven2/org/springframework/spring-core/4.3.0.RELEASE/spring-core-4.3.0.RELEASE.jar
2018-01-22 19:02:43,241 [Worker-5] INFO  o.e.m.c.i.e.AbstractTransferListenerAdapter - Downloaded https://repo.maven.apache.org/maven2/org/springframework/spring-core/4.3.0.RELEASE/spring-core-4.3.0.RELEASE.jar
2018-01-22 19:02:43,506 [Worker-5] INFO  o.e.m.c.i.e.AbstractTransferListenerAdapter - Downloading https://repo.maven.apache.org/maven2/org/springframework/spring-context/4.3.0.RELEASE/spring-context-4.3.0.RELEASE.jar
2018-01-22 19:02:45,270 [Worker-5] INFO  o.e.m.c.i.e.AbstractTransferListenerAdapter - Downloaded https://repo.maven.apache.org/maven2/org/springframework/spring-context/4.3.0.RELEASE/spring-context-4.3.0.RELEASE.jar
2018-01-22 19:02:45,611 [Worker-5] INFO  o.e.m.c.i.e.AbstractTransferListenerAdapter - Downloading https://repo.maven.apache.org/maven2/org/springframework/spring-aop/4.3.0.RELEASE/spring-aop-4.3.0.RELEASE.jar
2018-01-22 19:02:46,192 [Worker-5] INFO  o.e.m.c.i.e.AbstractTransferListenerAdapter - Downloaded https://repo.maven.apache.org/maven2/org/springframework/spring-aop/4.3.0.RELEASE/spring-aop-4.3.0.RELEASE.jar
2018-01-22 19:02:46,450 [Worker-5] INFO  o.e.m.c.i.e.AbstractTransferListenerAdapter - Downloading https://repo.maven.apache.org/maven2/org/springframework/spring-beans/4.3.0.RELEASE/spring-beans-4.3.0.RELEASE.jar
2018-01-22 19:02:47,311 [Worker-5] INFO  o.e.m.c.i.e.AbstractTransferListenerAdapter - Downloaded https://repo.maven.apache.org/maven2/org/springframework/spring-beans/4.3.0.RELEASE/spring-beans-4.3.0.RELEASE.jar
2018-01-22 19:02:47,558 [Worker-5] INFO  o.e.m.c.i.e.AbstractTransferListenerAdapter - Downloading https://repo.maven.apache.org/maven2/org/springframework/spring-expression/4.3.0.RELEASE/spring-expression-4.3.0.RELEASE.jar
2018-01-22 19:02:48,024 [Worker-5] INFO  o.e.m.c.i.e.AbstractTransferListenerAdapter - Downloaded https://repo.maven.apache.org/maven2/org/springframework/spring-expression/4.3.0.RELEASE/spring-expression-4.3.0.RELEASE.jar
2018-01-22 19:02:48,282 [Worker-5] INFO  o.e.m.c.i.e.AbstractTransferListenerAdapter - Downloading https://repo.maven.apache.org/maven2/org/springframework/spring-web/4.3.0.RELEASE/spring-web-4.3.0.RELEASE.jar
2018-01-22 19:02:49,228 [Worker-5] INFO  o.e.m.c.i.e.AbstractTransferListenerAdapter - Downloaded https://repo.maven.apache.org/maven2/org/springframework/spring-web/4.3.0.RELEASE/spring-web-4.3.0.RELEASE.jar
2018-01-22 19:02:49,486 [Worker-5] INFO  o.e.m.c.i.e.AbstractTransferListenerAdapter - Downloading https://repo.maven.apache.org/maven2/org/springframework/spring-webmvc/4.3.0.RELEASE/spring-webmvc-4.3.0.RELEASE.jar
2018-01-22 19:02:50,775 [Worker-5] INFO  o.e.m.c.i.e.AbstractTransferListenerAdapter - Downloaded https://repo.maven.apache.org/maven2/org/springframework/spring-webmvc/4.3.0.RELEASE/spring-webmvc-4.3.0.RELEASE.jar
2018-01-22 19:02:51,023 [Worker-5] INFO  o.e.m.c.i.e.AbstractTransferListenerAdapter - Downloading https://repo.maven.apache.org/maven2/org/springframework/spring-jms/4.3.0.RELEASE/spring-jms-4.3.0.RELEASE.jar
2018-01-22 19:02:51,619 [Worker-5] INFO  o.e.m.c.i.e.AbstractTransferListenerAdapter - Downloaded https://repo.maven.apache.org/maven2/org/springframework/spring-jms/4.3.0.RELEASE/spring-jms-4.3.0.RELEASE.jar
2018-01-22 19:02:51,867 [Worker-5] INFO  o.e.m.c.i.e.AbstractTransferListenerAdapter - Downloading https://repo.maven.apache.org/maven2/org/springframework/spring-messaging/4.3.0.RELEASE/spring-messaging-4.3.0.RELEASE.jar
2018-01-22 19:02:52,458 [Worker-5] INFO  o.e.m.c.i.e.AbstractTransferListenerAdapter - Downloaded https://repo.maven.apache.org/maven2/org/springframework/spring-messaging/4.3.0.RELEASE/spring-messaging-4.3.0.RELEASE.jar
2018-01-22 19:02:52,705 [Worker-5] INFO  o.e.m.c.i.e.AbstractTransferListenerAdapter - Downloading https://repo.maven.apache.org/maven2/org/springframework/spring-tx/4.3.0.RELEASE/spring-tx-4.3.0.RELEASE.jar
2018-01-22 19:02:53,191 [Worker-5] INFO  o.e.m.c.i.e.AbstractTransferListenerAdapter - Downloaded https://repo.maven.apache.org/maven2/org/springframework/spring-tx/4.3.0.RELEASE/spring-tx-4.3.0.RELEASE.jar
2018-01-22 19:02:53,444 [Worker-5] INFO  o.e.m.c.i.e.AbstractTransferListenerAdapter - Downloading https://repo.maven.apache.org/maven2/org/apache/activemq/activemq-spring/5.13.3/activemq-spring-5.13.3.jar
2018-01-22 19:02:53,823 [Worker-5] INFO  o.e.m.c.i.e.AbstractTransferListenerAdapter - Downloaded https://repo.maven.apache.org/maven2/org/apache/activemq/activemq-spring/5.13.3/activemq-spring-5.13.3.jar
2018-01-22 19:02:54,065 [Worker-5] INFO  o.e.m.c.i.e.AbstractTransferListenerAdapter - Downloading https://repo.maven.apache.org/maven2/org/slf4j/slf4j-api/1.7.13/slf4j-api-1.7.13.jar
2018-01-22 19:02:54,368 [Worker-5] INFO  o.e.m.c.i.e.AbstractTransferListenerAdapter - Downloaded https://repo.maven.apache.org/maven2/org/slf4j/slf4j-api/1.7.13/slf4j-api-1.7.13.jar
2018-01-22 19:02:54,624 [Worker-5] INFO  o.e.m.c.i.e.AbstractTransferListenerAdapter - Downloading https://repo.maven.apache.org/maven2/org/apache/xbean/xbean-spring/3.18/xbean-spring-3.18.jar
2018-01-22 19:02:54,968 [Worker-5] INFO  o.e.m.c.i.e.AbstractTransferListenerAdapter - Downloaded https://repo.maven.apache.org/maven2/org/apache/xbean/xbean-spring/3.18/xbean-spring-3.18.jar
2018-01-22 19:02:55,555 [Worker-5] INFO  o.e.m.c.i.e.AbstractTransferListenerAdapter - Downloading https://repo.maven.apache.org/maven2/org/apache/activemq/activemq-broker/5.13.3/activemq-broker-5.13.3.jar
2018-01-22 19:02:57,102 [Worker-5] INFO  o.e.m.c.i.e.AbstractTransferListenerAdapter - Downloaded https://repo.maven.apache.org/maven2/org/apache/activemq/activemq-broker/5.13.3/activemq-broker-5.13.3.jar
2018-01-22 19:02:57,356 [Worker-5] INFO  o.e.m.c.i.e.AbstractTransferListenerAdapter - Downloading https://repo.maven.apache.org/maven2/org/apache/activemq/activemq-client/5.13.3/activemq-client-5.13.3.jar
2018-01-22 19:02:59,035 [Worker-5] INFO  o.e.m.c.i.e.AbstractTransferListenerAdapter - Downloaded https://repo.maven.apache.org/maven2/org/apache/activemq/activemq-client/5.13.3/activemq-client-5.13.3.jar
2018-01-22 19:02:59,272 [Worker-5] INFO  o.e.m.c.i.e.AbstractTransferListenerAdapter - Downloading https://repo.maven.apache.org/maven2/org/apache/geronimo/specs/geronimo-jms_1.1_spec/1.1.1/geronimo-jms_1.1_spec-1.1.1.jar
2018-01-22 19:02:59,548 [Worker-5] INFO  o.e.m.c.i.e.AbstractTransferListenerAdapter - Downloaded https://repo.maven.apache.org/maven2/org/apache/geronimo/specs/geronimo-jms_1.1_spec/1.1.1/geronimo-jms_1.1_spec-1.1.1.jar
2018-01-22 19:02:59,815 [Worker-5] INFO  o.e.m.c.i.e.AbstractTransferListenerAdapter - Downloading https://repo.maven.apache.org/maven2/org/fusesource/hawtbuf/hawtbuf/1.11/hawtbuf-1.11.jar
2018-01-22 19:03:00,123 [Worker-5] INFO  o.e.m.c.i.e.AbstractTransferListenerAdapter - Downloaded https://repo.maven.apache.org/maven2/org/fusesource/hawtbuf/hawtbuf/1.11/hawtbuf-1.11.jar
2018-01-22 19:03:00,359 [Worker-5] INFO  o.e.m.c.i.e.AbstractTransferListenerAdapter - Downloading https://repo.maven.apache.org/maven2/org/apache/geronimo/specs/geronimo-j2ee-management_1.1_spec/1.0.1/geronimo-j2ee-management_1.1_spec-1.0.1.jar
2018-01-22 19:03:00,680 [Worker-5] INFO  o.e.m.c.i.e.AbstractTransferListenerAdapter - Downloaded https://repo.maven.apache.org/maven2/org/apache/geronimo/specs/geronimo-j2ee-management_1.1_spec/1.0.1/geronimo-j2ee-management_1.1_spec-1.0.1.jar
2018-01-22 19:03:00,932 [Worker-5] INFO  o.e.m.c.i.e.AbstractTransferListenerAdapter - Downloading https://repo.maven.apache.org/maven2/org/apache/activemq/activemq-openwire-legacy/5.13.3/activemq-openwire-legacy-5.13.3.jar
2018-01-22 19:03:01,864 [Worker-5] INFO  o.e.m.c.i.e.AbstractTransferListenerAdapter - Downloaded https://repo.maven.apache.org/maven2/org/apache/activemq/activemq-openwire-legacy/5.13.3/activemq-openwire-legacy-5.13.3.jar
2018-01-22 19:03:02,116 [Worker-5] INFO  o.e.m.c.i.e.AbstractTransferListenerAdapter - Downloading https://repo.maven.apache.org/maven2/org/apache/activemq/activemq-pool/5.13.3/activemq-pool-5.13.3.jar
2018-01-22 19:03:02,361 [Worker-5] INFO  o.e.m.c.i.e.AbstractTransferListenerAdapter - Downloaded https://repo.maven.apache.org/maven2/org/apache/activemq/activemq-pool/5.13.3/activemq-pool-5.13.3.jar
2018-01-22 19:03:02,619 [Worker-5] INFO  o.e.m.c.i.e.AbstractTransferListenerAdapter - Downloading https://repo.maven.apache.org/maven2/org/apache/activemq/activemq-jms-pool/5.13.3/activemq-jms-pool-5.13.3.jar
2018-01-22 19:03:02,904 [Worker-5] INFO  o.e.m.c.i.e.AbstractTransferListenerAdapter - Downloaded https://repo.maven.apache.org/maven2/org/apache/activemq/activemq-jms-pool/5.13.3/activemq-jms-pool-5.13.3.jar
2018-01-22 19:03:03,148 [Worker-5] INFO  o.e.m.c.i.e.AbstractTransferListenerAdapter - Downloading https://repo.maven.apache.org/maven2/org/apache/geronimo/specs/geronimo-jta_1.0.1B_spec/1.0.1/geronimo-jta_1.0.1B_spec-1.0.1.jar
2018-01-22 19:03:03,418 [Worker-5] INFO  o.e.m.c.i.e.AbstractTransferListenerAdapter - Downloaded https://repo.maven.apache.org/maven2/org/apache/geronimo/specs/geronimo-jta_1.0.1B_spec/1.0.1/geronimo-jta_1.0.1B_spec-1.0.1.jar
2018-01-22 19:03:03,669 [Worker-5] INFO  o.e.m.c.i.e.AbstractTransferListenerAdapter - Downloading https://repo.maven.apache.org/maven2/ch/qos/logback/logback-classic/1.1.7/logback-classic-1.1.7.jar
2018-01-22 19:03:04,205 [Worker-5] INFO  o.e.m.c.i.e.AbstractTransferListenerAdapter - Downloaded https://repo.maven.apache.org/maven2/ch/qos/logback/logback-classic/1.1.7/logback-classic-1.1.7.jar
2018-01-22 19:03:04,453 [Worker-5] INFO  o.e.m.c.i.e.AbstractTransferListenerAdapter - Downloading https://repo.maven.apache.org/maven2/ch/qos/logback/logback-core/1.1.7/logback-core-1.1.7.jar
2018-01-22 19:03:05,241 [Worker-5] INFO  o.e.m.c.i.e.AbstractTransferListenerAdapter - Downloaded https://repo.maven.apache.org/maven2/ch/qos/logback/logback-core/1.1.7/logback-core-1.1.7.jar
2018-01-22 19:03:09,623 [Worker-5] INFO  o.e.m.c.i.e.AbstractTransferListenerAdapter - Downloading https://repo.maven.apache.org/maven2/org/apache/maven/plugins/maven-war-plugin/2.4/maven-war-plugin-2.4.pom
2018-01-22 19:03:09,870 [Worker-5] INFO  o.e.m.c.i.e.AbstractTransferListenerAdapter - Downloaded https://repo.maven.apache.org/maven2/org/apache/maven/plugins/maven-war-plugin/2.4/maven-war-plugin-2.4.pom
2018-01-22 19:03:11,994 [Worker-5] INFO  o.e.m.c.i.e.AbstractTransferListenerAdapter - Downloading https://repo.maven.apache.org/maven2/org/codehaus/plexus/plexus-io/2.0.7/plexus-io-2.0.7.pom
2018-01-22 19:03:12,239 [Worker-5] INFO  o.e.m.c.i.e.AbstractTransferListenerAdapter - Downloaded https://repo.maven.apache.org/maven2/org/codehaus/plexus/plexus-io/2.0.7/plexus-io-2.0.7.pom
2018-01-22 19:03:12,510 [Worker-5] INFO  o.e.m.c.i.e.AbstractTransferListenerAdapter - Downloading https://repo.maven.apache.org/maven2/org/codehaus/plexus/plexus-components/1.2/plexus-components-1.2.pom
2018-01-22 19:03:12,749 [Worker-5] INFO  o.e.m.c.i.e.AbstractTransferListenerAdapter - Downloaded https://repo.maven.apache.org/maven2/org/codehaus/plexus/plexus-components/1.2/plexus-components-1.2.pom
2018-01-22 19:03:13,146 [Worker-5] INFO  o.e.m.c.i.e.AbstractTransferListenerAdapter - Downloading https://repo.maven.apache.org/maven2/org/codehaus/plexus/plexus-archiver/2.4.1/plexus-archiver-2.4.1.pom
2018-01-22 19:03:13,388 [Worker-5] INFO  o.e.m.c.i.e.AbstractTransferListenerAdapter - Downloaded https://repo.maven.apache.org/maven2/org/codehaus/plexus/plexus-archiver/2.4.1/plexus-archiver-2.4.1.pom
2018-01-22 19:03:13,818 [Worker-5] INFO  o.e.m.c.i.e.AbstractTransferListenerAdapter - Downloading https://repo.maven.apache.org/maven2/org/apache/commons/commons-compress/1.5/commons-compress-1.5.pom
2018-01-22 19:03:14,145 [Worker-5] INFO  o.e.m.c.i.e.AbstractTransferListenerAdapter - Downloaded https://repo.maven.apache.org/maven2/org/apache/commons/commons-compress/1.5/commons-compress-1.5.pom
2018-01-22 19:03:14,467 [Worker-5] INFO  o.e.m.c.i.e.AbstractTransferListenerAdapter - Downloading https://repo.maven.apache.org/maven2/org/tukaani/xz/1.2/xz-1.2.pom
2018-01-22 19:03:14,707 [Worker-5] INFO  o.e.m.c.i.e.AbstractTransferListenerAdapter - Downloaded https://repo.maven.apache.org/maven2/org/tukaani/xz/1.2/xz-1.2.pom
2018-01-22 19:03:15,005 [Worker-5] INFO  o.e.m.c.i.e.AbstractTransferListenerAdapter - Downloading https://repo.maven.apache.org/maven2/com/thoughtworks/xstream/xstream/1.4.2/xstream-1.4.2.pom
2018-01-22 19:03:15,264 [Worker-5] INFO  o.e.m.c.i.e.AbstractTransferListenerAdapter - Downloaded https://repo.maven.apache.org/maven2/com/thoughtworks/xstream/xstream/1.4.2/xstream-1.4.2.pom
2018-01-22 19:03:15,507 [Worker-5] INFO  o.e.m.c.i.e.AbstractTransferListenerAdapter - Downloading https://repo.maven.apache.org/maven2/com/thoughtworks/xstream/xstream-parent/1.4.2/xstream-parent-1.4.2.pom
2018-01-22 19:03:15,828 [Worker-5] INFO  o.e.m.c.i.e.AbstractTransferListenerAdapter - Downloaded https://repo.maven.apache.org/maven2/com/thoughtworks/xstream/xstream-parent/1.4.2/xstream-parent-1.4.2.pom
2018-01-22 19:03:16,202 [Worker-5] INFO  o.e.m.c.i.e.AbstractTransferListenerAdapter - Downloading https://repo.maven.apache.org/maven2/xmlpull/xmlpull/1.1.3.1/xmlpull-1.1.3.1.pom
2018-01-22 19:03:16,466 [Worker-5] INFO  o.e.m.c.i.e.AbstractTransferListenerAdapter - Downloaded https://repo.maven.apache.org/maven2/xmlpull/xmlpull/1.1.3.1/xmlpull-1.1.3.1.pom
2018-01-22 19:03:17,608 [Worker-5] INFO  o.e.m.c.i.e.AbstractTransferListenerAdapter - Downloading https://repo.maven.apache.org/maven2/org/codehaus/plexus/plexus-io/2.0.7/plexus-io-2.0.7.jar
2018-01-22 19:03:18,118 [Worker-5] INFO  o.e.m.c.i.e.AbstractTransferListenerAdapter - Downloaded https://repo.maven.apache.org/maven2/org/codehaus/plexus/plexus-io/2.0.7/plexus-io-2.0.7.jar
2018-01-22 19:03:18,369 [Worker-5] INFO  o.e.m.c.i.e.AbstractTransferListenerAdapter - Downloading https://repo.maven.apache.org/maven2/org/codehaus/plexus/plexus-archiver/2.4.1/plexus-archiver-2.4.1.jar
2018-01-22 19:03:19,089 [Worker-5] INFO  o.e.m.c.i.e.AbstractTransferListenerAdapter - Downloaded https://repo.maven.apache.org/maven2/org/codehaus/plexus/plexus-archiver/2.4.1/plexus-archiver-2.4.1.jar
2018-01-22 19:03:19,332 [Worker-5] INFO  o.e.m.c.i.e.AbstractTransferListenerAdapter - Downloading https://repo.maven.apache.org/maven2/org/apache/commons/commons-compress/1.5/commons-compress-1.5.jar
2018-01-22 19:03:19,902 [Worker-5] INFO  o.e.m.c.i.e.AbstractTransferListenerAdapter - Downloaded https://repo.maven.apache.org/maven2/org/apache/commons/commons-compress/1.5/commons-compress-1.5.jar
2018-01-22 19:03:20,141 [Worker-5] INFO  o.e.m.c.i.e.AbstractTransferListenerAdapter - Downloading https://repo.maven.apache.org/maven2/org/tukaani/xz/1.2/xz-1.2.jar
2018-01-22 19:03:20,445 [Worker-5] INFO  o.e.m.c.i.e.AbstractTransferListenerAdapter - Downloaded https://repo.maven.apache.org/maven2/org/tukaani/xz/1.2/xz-1.2.jar
2018-01-22 19:03:20,697 [Worker-5] INFO  o.e.m.c.i.e.AbstractTransferListenerAdapter - Downloading https://repo.maven.apache.org/maven2/com/thoughtworks/xstream/xstream/1.4.2/xstream-1.4.2.jar
2018-01-22 19:03:21,330 [Worker-5] INFO  o.e.m.c.i.e.AbstractTransferListenerAdapter - Downloaded https://repo.maven.apache.org/maven2/com/thoughtworks/xstream/xstream/1.4.2/xstream-1.4.2.jar
2018-01-22 19:03:21,563 [Worker-5] INFO  o.e.m.c.i.e.AbstractTransferListenerAdapter - Downloading https://repo.maven.apache.org/maven2/xmlpull/xmlpull/1.1.3.1/xmlpull-1.1.3.1.jar
2018-01-22 19:03:21,806 [Worker-5] INFO  o.e.m.c.i.e.AbstractTransferListenerAdapter - Downloaded https://repo.maven.apache.org/maven2/xmlpull/xmlpull/1.1.3.1/xmlpull-1.1.3.1.jar
2018-01-22 19:03:22,040 [Worker-5] INFO  o.e.m.c.i.e.AbstractTransferListenerAdapter - Downloading https://repo.maven.apache.org/maven2/org/codehaus/plexus/plexus-utils/3.0.10/plexus-utils-3.0.10.jar
2018-01-22 19:03:22,469 [Worker-5] INFO  o.e.m.c.i.e.AbstractTransferListenerAdapter - Downloaded https://repo.maven.apache.org/maven2/org/codehaus/plexus/plexus-utils/3.0.10/plexus-utils-3.0.10.jar
2018-01-22 19:03:25,677 [Worker-5] INFO  o.e.m.j.i.AbstractJavaProjectConfigurator - Adding source folder /Spring4MVCJmsActiveMQExample/src/main/java
2018-01-22 19:03:25,678 [Worker-5] INFO  o.e.m.j.i.AbstractJavaProjectConfigurator - Adding resource folder /Spring4MVCJmsActiveMQExample/src/main/resources
2018-01-22 19:03:25,679 [Worker-5] INFO  o.e.m.j.i.AbstractJavaProjectConfigurator - Adding source folder /Spring4MVCJmsActiveMQExample/src/test/java
2018-01-22 19:03:27,757 [Worker-5] INFO  o.e.m.c.i.p.ProjectConfigurationManager - Imported and configured 1 project(s) in 87 sec
2018-01-22 19:03:29,747 [Worker-7] WARN  o.e.m.c.i.embedder.EclipseLogger - Using platform encoding (Cp1252 actually) to copy filtered resources, i.e. build is platform dependent!
2018-01-22 19:03:29,763 [Worker-7] INFO  o.e.m.c.i.embedder.EclipseLogger - Copying 0 resource
2018-01-22 19:03:29,767 [Worker-7] WARN  o.e.m.c.i.embedder.EclipseLogger - Using platform encoding (Cp1252 actually) to copy filtered resources, i.e. build is platform dependent!
2018-01-22 19:03:29,768 [Worker-7] INFO  o.e.m.c.i.embedder.EclipseLogger - skip non existing resourceDirectory D:\SpringJMS\Spring4MVCJmsActiveMQExample\src\test\resources
2018-01-22 19:06:10,170 [Worker-5] INFO  o.e.m.c.i.l.LifecycleMappingFactory - Using org.maven.ide.eclipse.wtp.WarLifecycleMapping lifecycle mapping for MavenProject: com.websystique.springmvc:Spring4MVCJmsActiveMQOrderInventory:1.0.0 @ D:\SpringJMS\Spring4MVCJmsActiveMQOrderInventory\pom.xml.
2018-01-22 19:06:10,997 [Worker-5] INFO  o.e.m.j.i.AbstractJavaProjectConfigurator - Adding source folder /Spring4MVCJmsActiveMQOrderInventory/src/main/java
2018-01-22 19:06:10,997 [Worker-5] INFO  o.e.m.j.i.AbstractJavaProjectConfigurator - Adding resource folder /Spring4MVCJmsActiveMQOrderInventory/src/main/resources
2018-01-22 19:06:10,998 [Worker-5] INFO  o.e.m.j.i.AbstractJavaProjectConfigurator - Adding source folder /Spring4MVCJmsActiveMQOrderInventory/src/test/java
2018-01-22 19:06:11,276 [Worker-5] ERROR o.e.m2e.wtp.WTPProjectConfigurator - Unable to configure Spring4MVCJmsActiveMQOrderInventory
org.eclipse.m2e.wtp.MarkedException: Unable to configure Spring4MVCJmsActiveMQOrderInventory
	at org.eclipse.m2e.wtp.AbstractProjectConfiguratorDelegate.configureProject(AbstractProjectConfiguratorDelegate.java:99) ~[na:na]
	at org.eclipse.m2e.wtp.WTPProjectConfigurator.configure(WTPProjectConfigurator.java:68) ~[na:na]
	at org.eclipse.m2e.core.project.configurator.AbstractLifecycleMapping.configure(AbstractLifecycleMapping.java:120) [org.eclipse.m2e.core_1.8.2.20171007-0217.jar:na]
	at org.eclipse.m2e.core.internal.project.ProjectConfigurationManager$3.call(ProjectConfigurationManager.java:508) [org.eclipse.m2e.core_1.8.2.20171007-0217.jar:na]
	at org.eclipse.m2e.core.internal.project.ProjectConfigurationManager$3.call(ProjectConfigurationManager.java:1) [org.eclipse.m2e.core_1.8.2.20171007-0217.jar:na]
	at org.eclipse.m2e.core.internal.embedder.MavenExecutionContext.executeBare(MavenExecutionContext.java:177) [org.eclipse.m2e.core_1.8.2.20171007-0217.jar:na]
	at org.eclipse.m2e.core.internal.embedder.MavenExecutionContext.execute(MavenExecutionContext.java:151) [org.eclipse.m2e.core_1.8.2.20171007-0217.jar:na]
	at org.eclipse.m2e.core.internal.project.ProjectConfigurationManager.updateProjectConfiguration(ProjectConfigurationManager.java:501) [org.eclipse.m2e.core_1.8.2.20171007-0217.jar:na]
	at org.eclipse.m2e.core.internal.project.ProjectConfigurationManager.configureNewMavenProjects(ProjectConfigurationManager.java:288) [org.eclipse.m2e.core_1.8.2.20171007-0217.jar:na]
	at org.eclipse.m2e.core.internal.project.ProjectConfigurationManager$1.call(ProjectConfigurationManager.java:175) [org.eclipse.m2e.core_1.8.2.20171007-0217.jar:na]
	at org.eclipse.m2e.core.internal.project.ProjectConfigurationManager$1.call(ProjectConfigurationManager.java:1) [org.eclipse.m2e.core_1.8.2.20171007-0217.jar:na]
	at org.eclipse.m2e.core.internal.embedder.MavenExecutionContext.executeBare(MavenExecutionContext.java:177) [org.eclipse.m2e.core_1.8.2.20171007-0217.jar:na]
	at org.eclipse.m2e.core.internal.embedder.MavenExecutionContext.execute(MavenExecutionContext.java:151) [org.eclipse.m2e.core_1.8.2.20171007-0217.jar:na]
	at org.eclipse.m2e.core.internal.embedder.MavenExecutionContext.execute(MavenExecutionContext.java:99) [org.eclipse.m2e.core_1.8.2.20171007-0217.jar:na]
	at org.eclipse.m2e.core.internal.embedder.MavenImpl.execute(MavenImpl.java:1355) [org.eclipse.m2e.core_1.8.2.20171007-0217.jar:na]
	at org.eclipse.m2e.core.internal.project.ProjectConfigurationManager.importProjects(ProjectConfigurationManager.java:143) [org.eclipse.m2e.core_1.8.2.20171007-0217.jar:na]
	at org.eclipse.m2e.core.ui.internal.wizards.ImportMavenProjectsJob$1.doCreateMavenProjects(ImportMavenProjectsJob.java:68) [org.eclipse.m2e.core.ui_1.8.2.20171007-0217.jar:na]
	at org.eclipse.m2e.core.ui.internal.wizards.AbstractCreateMavenProjectsOperation.run(AbstractCreateMavenProjectsOperation.java:73) [org.eclipse.m2e.core.ui_1.8.2.20171007-0217.jar:na]
	at org.eclipse.m2e.core.ui.internal.wizards.ImportMavenProjectsJob.runInWorkspace(ImportMavenProjectsJob.java:77) [org.eclipse.m2e.core.ui_1.8.2.20171007-0217.jar:na]
	at org.eclipse.core.internal.resources.InternalWorkspaceJob.run(InternalWorkspaceJob.java:39) [org.eclipse.core.resources_3.12.0.v20170417-1558.jar:na]
	at org.eclipse.core.internal.jobs.Worker.run(Worker.java:56) [org.eclipse.core.jobs_3.9.2.v20171030-1027.jar:na]
Caused by: org.eclipse.core.runtime.CoreException: One or more constraints have not been satisfied.
	at org.eclipse.wst.common.project.facet.core.internal.FacetedProject.modifyInternal(FacetedProject.java:363) ~[na:na]
	at org.eclipse.wst.common.project.facet.core.internal.FacetedProject.mergeChangesInternal(FacetedProject.java:1181) ~[na:na]
	at org.eclipse.wst.common.project.facet.core.internal.FacetedProject.access$2(FacetedProject.java:1117) ~[na:na]
	at org.eclipse.wst.common.project.facet.core.internal.FacetedProject$1.run(FacetedProject.java:324) ~[na:na]
	at org.eclipse.core.internal.resources.Workspace.run(Workspace.java:2240) ~[org.eclipse.core.resources_3.12.0.v20170417-1558.jar:na]
	at org.eclipse.core.internal.resources.Workspace.run(Workspace.java:2267) ~[org.eclipse.core.resources_3.12.0.v20170417-1558.jar:na]
	at org.eclipse.wst.common.project.facet.core.internal.FacetedProject.modify(FacetedProject.java:339) ~[na:na]
	at org.eclipse.m2e.wtp.WebProjectConfiguratorDelegate.configure(WebProjectConfiguratorDelegate.java:136) ~[na:na]
	at org.eclipse.m2e.wtp.AbstractProjectConfiguratorDelegate.configureProject(AbstractProjectConfiguratorDelegate.java:95) ~[na:na]
	... 20 common frames omitted
2018-01-22 19:06:11,823 [Worker-5] INFO  o.e.m.c.i.p.ProjectConfigurationManager - Imported and configured 1 project(s) in 1 sec
2018-01-22 19:06:12,757 [Worker-16] WARN  o.e.m.c.i.embedder.EclipseLogger - Using platform encoding (Cp1252 actually) to copy filtered resources, i.e. build is platform dependent!
2018-01-22 19:06:12,759 [Worker-16] INFO  o.e.m.c.i.embedder.EclipseLogger - Copying 0 resource
2018-01-22 19:06:12,760 [Worker-16] WARN  o.e.m.c.i.embedder.EclipseLogger - Using platform encoding (Cp1252 actually) to copy filtered resources, i.e. build is platform dependent!
2018-01-22 19:06:12,762 [Worker-16] INFO  o.e.m.c.i.embedder.EclipseLogger - skip non existing resourceDirectory D:\SpringJMS\Spring4MVCJmsActiveMQOrderInventory\src\test\resources
2018-01-22 19:06:59,284 [Worker-16] INFO  o.e.m.c.i.p.ProjectConfigurationManager - Update started
2018-01-22 19:07:00,135 [Worker-16] INFO  o.e.m.c.i.l.LifecycleMappingFactory - Using org.maven.ide.eclipse.wtp.WarLifecycleMapping lifecycle mapping for MavenProject: com.websystique.springmvc:Spring4MVCJmsActiveMQOrderInventory:1.0.0 @ D:\SpringJMS\Spring4MVCJmsActiveMQOrderInventory\pom.xml.
2018-01-22 19:07:00,454 [Worker-16] INFO  o.e.m.c.i.l.LifecycleMappingFactory - Using org.maven.ide.eclipse.wtp.WarLifecycleMapping lifecycle mapping for MavenProject: com.websystique.springmvc:Spring4MVCJmsActiveMQExample:1.0.0 @ D:\SpringJMS\Spring4MVCJmsActiveMQExample\pom.xml.
2018-01-22 19:07:01,950 [Worker-16] INFO  o.e.m.j.i.AbstractJavaProjectConfigurator - Adding source folder /Spring4MVCJmsActiveMQOrderInventory/src/main/java
2018-01-22 19:07:01,951 [Worker-16] INFO  o.e.m.j.i.AbstractJavaProjectConfigurator - Adding resource folder /Spring4MVCJmsActiveMQOrderInventory/src/main/resources
2018-01-22 19:07:01,951 [Worker-16] INFO  o.e.m.j.i.AbstractJavaProjectConfigurator - Adding source folder /Spring4MVCJmsActiveMQOrderInventory/src/test/java
2018-01-22 19:07:02,289 [Worker-16] ERROR o.e.m2e.wtp.WTPProjectConfigurator - Unable to configure Spring4MVCJmsActiveMQOrderInventory
org.eclipse.m2e.wtp.MarkedException: Unable to configure Spring4MVCJmsActiveMQOrderInventory
	at org.eclipse.m2e.wtp.AbstractProjectConfiguratorDelegate.configureProject(AbstractProjectConfiguratorDelegate.java:99) ~[na:na]
	at org.eclipse.m2e.wtp.WTPProjectConfigurator.configure(WTPProjectConfigurator.java:68) ~[na:na]
	at org.eclipse.m2e.core.project.configurator.AbstractLifecycleMapping.configure(AbstractLifecycleMapping.java:120) [org.eclipse.m2e.core_1.8.2.20171007-0217.jar:na]
	at org.eclipse.m2e.core.internal.project.ProjectConfigurationManager$3.call(ProjectConfigurationManager.java:508) [org.eclipse.m2e.core_1.8.2.20171007-0217.jar:na]
	at org.eclipse.m2e.core.internal.project.ProjectConfigurationManager$3.call(ProjectConfigurationManager.java:1) [org.eclipse.m2e.core_1.8.2.20171007-0217.jar:na]
	at org.eclipse.m2e.core.internal.embedder.MavenExecutionContext.executeBare(MavenExecutionContext.java:177) [org.eclipse.m2e.core_1.8.2.20171007-0217.jar:na]
	at org.eclipse.m2e.core.internal.embedder.MavenExecutionContext.execute(MavenExecutionContext.java:151) [org.eclipse.m2e.core_1.8.2.20171007-0217.jar:na]
	at org.eclipse.m2e.core.internal.project.ProjectConfigurationManager.updateProjectConfiguration(ProjectConfigurationManager.java:501) [org.eclipse.m2e.core_1.8.2.20171007-0217.jar:na]
	at org.eclipse.m2e.core.internal.project.ProjectConfigurationManager.updateProjectConfiguration0(ProjectConfigurationManager.java:439) [org.eclipse.m2e.core_1.8.2.20171007-0217.jar:na]
	at org.eclipse.m2e.core.internal.project.ProjectConfigurationManager$2.call(ProjectConfigurationManager.java:352) [org.eclipse.m2e.core_1.8.2.20171007-0217.jar:na]
	at org.eclipse.m2e.core.internal.project.ProjectConfigurationManager$2.call(ProjectConfigurationManager.java:1) [org.eclipse.m2e.core_1.8.2.20171007-0217.jar:na]
	at org.eclipse.m2e.core.internal.embedder.MavenExecutionContext.executeBare(MavenExecutionContext.java:177) [org.eclipse.m2e.core_1.8.2.20171007-0217.jar:na]
	at org.eclipse.m2e.core.internal.embedder.MavenExecutionContext.execute(MavenExecutionContext.java:151) [org.eclipse.m2e.core_1.8.2.20171007-0217.jar:na]
	at org.eclipse.m2e.core.internal.embedder.MavenExecutionContext.execute(MavenExecutionContext.java:99) [org.eclipse.m2e.core_1.8.2.20171007-0217.jar:na]
	at org.eclipse.m2e.core.internal.embedder.MavenImpl.execute(MavenImpl.java:1351) [org.eclipse.m2e.core_1.8.2.20171007-0217.jar:na]
	at org.eclipse.m2e.core.internal.project.ProjectConfigurationManager.updateProjectConfiguration(ProjectConfigurationManager.java:349) [org.eclipse.m2e.core_1.8.2.20171007-0217.jar:na]
	at org.eclipse.m2e.core.ui.internal.UpdateMavenProjectJob.runInWorkspace(UpdateMavenProjectJob.java:77) [org.eclipse.m2e.core.ui_1.8.2.20171007-0217.jar:na]
	at org.eclipse.core.internal.resources.InternalWorkspaceJob.run(InternalWorkspaceJob.java:39) [org.eclipse.core.resources_3.12.0.v20170417-1558.jar:na]
	at org.eclipse.core.internal.jobs.Worker.run(Worker.java:56) [org.eclipse.core.jobs_3.9.2.v20171030-1027.jar:na]
Caused by: org.eclipse.core.runtime.CoreException: One or more constraints have not been satisfied.
	at org.eclipse.wst.common.project.facet.core.internal.FacetedProject.modifyInternal(FacetedProject.java:363) ~[na:na]
	at org.eclipse.wst.common.project.facet.core.internal.FacetedProject.mergeChangesInternal(FacetedProject.java:1181) ~[na:na]
	at org.eclipse.wst.common.project.facet.core.internal.FacetedProject.access$2(FacetedProject.java:1117) ~[na:na]
	at org.eclipse.wst.common.project.facet.core.internal.FacetedProject$1.run(FacetedProject.java:324) ~[na:na]
	at org.eclipse.core.internal.resources.Workspace.run(Workspace.java:2240) ~[org.eclipse.core.resources_3.12.0.v20170417-1558.jar:na]
	at org.eclipse.core.internal.resources.Workspace.run(Workspace.java:2267) ~[org.eclipse.core.resources_3.12.0.v20170417-1558.jar:na]
	at org.eclipse.wst.common.project.facet.core.internal.FacetedProject.modify(FacetedProject.java:339) ~[na:na]
	at org.eclipse.m2e.wtp.WebProjectConfiguratorDelegate.configure(WebProjectConfiguratorDelegate.java:136) ~[na:na]
	at org.eclipse.m2e.wtp.AbstractProjectConfiguratorDelegate.configureProject(AbstractProjectConfiguratorDelegate.java:95) ~[na:na]
	... 18 common frames omitted
2018-01-22 19:07:02,838 [Worker-16] INFO  o.e.m.w.i.f.ResourceFilteringBuildParticipant - Cleaning filtered folder for Spring4MVCJmsActiveMQOrderInventory
2018-01-22 19:07:02,867 [Worker-16] INFO  o.e.m.c.i.p.ProjectConfigurationManager - Update completed: 3 sec
2018-01-22 19:07:03,279 [Worker-5] WARN  o.e.m.c.i.embedder.EclipseLogger - Using platform encoding (Cp1252 actually) to copy filtered resources, i.e. build is platform dependent!
2018-01-22 19:07:03,282 [Worker-5] INFO  o.e.m.c.i.embedder.EclipseLogger - Copying 0 resource
2018-01-22 19:07:03,303 [Worker-5] WARN  o.e.m.c.i.embedder.EclipseLogger - Using platform encoding (Cp1252 actually) to copy filtered resources, i.e. build is platform dependent!
2018-01-22 19:07:03,304 [Worker-5] INFO  o.e.m.c.i.embedder.EclipseLogger - skip non existing resourceDirectory D:\SpringJMS\Spring4MVCJmsActiveMQExample\src\test\resources
2018-01-22 19:07:03,780 [Worker-5] WARN  o.e.m.c.i.embedder.EclipseLogger - Using platform encoding (Cp1252 actually) to copy filtered resources, i.e. build is platform dependent!
2018-01-22 19:07:03,782 [Worker-5] INFO  o.e.m.c.i.embedder.EclipseLogger - Copying 0 resource
2018-01-22 19:07:03,783 [Worker-5] WARN  o.e.m.c.i.embedder.EclipseLogger - Using platform encoding (Cp1252 actually) to copy filtered resources, i.e. build is platform dependent!
2018-01-22 19:07:03,785 [Worker-5] INFO  o.e.m.c.i.embedder.EclipseLogger - skip non existing resourceDirectory D:\SpringJMS\Spring4MVCJmsActiveMQOrderInventory\src\test\resources
2018-01-22 19:07:03,785 [Worker-5] INFO  o.e.m.w.i.f.ResourceFilteringBuildParticipant - Changed resources require a complete clean of filtered resources of Spring4MVCJmsActiveMQOrderInventory
2018-01-22 19:07:03,786 [Worker-5] INFO  o.e.m.w.i.f.ResourceFilteringBuildParticipant - Executing resource filtering for Spring4MVCJmsActiveMQOrderInventory
2018-01-22 19:07:03,792 [Worker-5] WARN  o.e.m.c.i.embedder.EclipseLogger - Using platform encoding (Cp1252 actually) to copy filtered resources, i.e. build is platform dependent!
2018-01-22 19:28:04,445 [Worker-11] WARN  o.e.m.c.i.embedder.EclipseLogger - Using platform encoding (Cp1252 actually) to copy filtered resources, i.e. build is platform dependent!
2018-01-22 19:28:04,448 [Worker-11] INFO  o.e.m.c.i.embedder.EclipseLogger - Copying 0 resource
2018-01-22 19:28:04,450 [Worker-11] WARN  o.e.m.c.i.embedder.EclipseLogger - Using platform encoding (Cp1252 actually) to copy filtered resources, i.e. build is platform dependent!
2018-01-22 19:28:04,451 [Worker-11] INFO  o.e.m.c.i.embedder.EclipseLogger - skip non existing resourceDirectory D:\SpringJMS\Spring4MVCJmsActiveMQExample\src\test\resources
2018-01-22 19:28:04,466 [Worker-11] WARN  o.e.m.c.i.embedder.EclipseLogger - Using platform encoding (Cp1252 actually) to copy filtered resources, i.e. build is platform dependent!
2018-01-22 19:28:04,467 [Worker-11] INFO  o.e.m.c.i.embedder.EclipseLogger - Copying 0 resource
2018-01-22 19:28:04,468 [Worker-11] WARN  o.e.m.c.i.embedder.EclipseLogger - Using platform encoding (Cp1252 actually) to copy filtered resources, i.e. build is platform dependent!
2018-01-22 19:28:04,470 [Worker-11] INFO  o.e.m.c.i.embedder.EclipseLogger - skip non existing resourceDirectory D:\SpringJMS\Spring4MVCJmsActiveMQOrderInventory\src\test\resources
2018-01-22 19:38:03,076 [Worker-14] INFO  o.e.m.c.i.l.LifecycleMappingFactory - Using org.eclipse.m2e.jdt.JarLifecycleMapping lifecycle mapping for MavenProject: com.javacodegeeks.camel:springQuartzScheduler:0.0.1-SNAPSHOT @ D:\SpringJMS\springJmsExample\pom.xml.
2018-01-22 19:38:04,658 [Worker-14] INFO  o.e.m.c.i.e.AbstractTransferListenerAdapter - Downloading https://repo.maven.apache.org/maven2/org/springframework/spring-jms/4.1.5.RELEASE/spring-jms-4.1.5.RELEASE.pom
2018-01-22 19:38:04,931 [Worker-14] INFO  o.e.m.c.i.e.AbstractTransferListenerAdapter - Downloaded https://repo.maven.apache.org/maven2/org/springframework/spring-jms/4.1.5.RELEASE/spring-jms-4.1.5.RELEASE.pom
2018-01-22 19:38:05,173 [Worker-14] INFO  o.e.m.c.i.e.AbstractTransferListenerAdapter - Downloading https://repo.maven.apache.org/maven2/org/springframework/spring-messaging/4.1.5.RELEASE/spring-messaging-4.1.5.RELEASE.pom
2018-01-22 19:38:05,423 [Worker-14] INFO  o.e.m.c.i.e.AbstractTransferListenerAdapter - Downloaded https://repo.maven.apache.org/maven2/org/springframework/spring-messaging/4.1.5.RELEASE/spring-messaging-4.1.5.RELEASE.pom
2018-01-22 19:38:05,668 [Worker-14] INFO  o.e.m.c.i.e.AbstractTransferListenerAdapter - Downloading https://repo.maven.apache.org/maven2/org/springframework/spring-tx/4.1.5.RELEASE/spring-tx-4.1.5.RELEASE.pom
2018-01-22 19:38:05,941 [Worker-14] INFO  o.e.m.c.i.e.AbstractTransferListenerAdapter - Downloaded https://repo.maven.apache.org/maven2/org/springframework/spring-tx/4.1.5.RELEASE/spring-tx-4.1.5.RELEASE.pom
2018-01-22 19:38:06,194 [Worker-14] INFO  o.e.m.c.i.e.AbstractTransferListenerAdapter - Downloading https://repo.maven.apache.org/maven2/org/apache/activemq/activemq-all/5.12.0/activemq-all-5.12.0.pom
2018-01-22 19:38:06,687 [Worker-14] INFO  o.e.m.c.i.e.AbstractTransferListenerAdapter - Downloaded https://repo.maven.apache.org/maven2/org/apache/activemq/activemq-all/5.12.0/activemq-all-5.12.0.pom
2018-01-22 19:38:06,947 [Worker-14] INFO  o.e.m.c.i.e.AbstractTransferListenerAdapter - Downloading https://repo.maven.apache.org/maven2/org/apache/activemq/activemq-parent/5.12.0/activemq-parent-5.12.0.pom
2018-01-22 19:38:07,512 [Worker-14] INFO  o.e.m.c.i.e.AbstractTransferListenerAdapter - Downloaded https://repo.maven.apache.org/maven2/org/apache/activemq/activemq-parent/5.12.0/activemq-parent-5.12.0.pom
2018-01-22 19:38:07,797 [Worker-14] INFO  o.e.m.c.i.e.AbstractTransferListenerAdapter - Downloading https://repo.maven.apache.org/maven2/org/springframework/spring-jms/4.1.5.RELEASE/spring-jms-4.1.5.RELEASE.jar
2018-01-22 19:38:08,604 [Worker-14] INFO  o.e.m.c.i.e.AbstractTransferListenerAdapter - Downloaded https://repo.maven.apache.org/maven2/org/springframework/spring-jms/4.1.5.RELEASE/spring-jms-4.1.5.RELEASE.jar
2018-01-22 19:38:08,858 [Worker-14] INFO  o.e.m.c.i.e.AbstractTransferListenerAdapter - Downloading https://repo.maven.apache.org/maven2/org/springframework/spring-messaging/4.1.5.RELEASE/spring-messaging-4.1.5.RELEASE.jar
2018-01-22 19:38:09,342 [Worker-14] INFO  o.e.m.c.i.e.AbstractTransferListenerAdapter - Downloaded https://repo.maven.apache.org/maven2/org/springframework/spring-messaging/4.1.5.RELEASE/spring-messaging-4.1.5.RELEASE.jar
2018-01-22 19:38:09,586 [Worker-14] INFO  o.e.m.c.i.e.AbstractTransferListenerAdapter - Downloading https://repo.maven.apache.org/maven2/org/springframework/spring-tx/4.1.5.RELEASE/spring-tx-4.1.5.RELEASE.jar
2018-01-22 19:38:10,044 [Worker-14] INFO  o.e.m.c.i.e.AbstractTransferListenerAdapter - Downloaded https://repo.maven.apache.org/maven2/org/springframework/spring-tx/4.1.5.RELEASE/spring-tx-4.1.5.RELEASE.jar
2018-01-22 19:38:10,530 [Worker-14] INFO  o.e.m.c.i.e.AbstractTransferListenerAdapter - Downloading https://repo.maven.apache.org/maven2/org/apache/activemq/activemq-all/5.12.0/activemq-all-5.12.0.jar
2018-01-22 19:38:19,703 [Worker-14] INFO  o.e.m.c.i.e.AbstractTransferListenerAdapter - Downloaded https://repo.maven.apache.org/maven2/org/apache/activemq/activemq-all/5.12.0/activemq-all-5.12.0.jar
2018-01-22 19:38:20,999 [Worker-14] INFO  o.e.m.j.i.AbstractJavaProjectConfigurator - Adding source folder /springJmsExample/src/main/java
2018-01-22 19:38:21,000 [Worker-14] INFO  o.e.m.j.i.AbstractJavaProjectConfigurator - Adding resource folder /springJmsExample/src/main/resources
2018-01-22 19:38:21,000 [Worker-14] INFO  o.e.m.j.i.AbstractJavaProjectConfigurator - Adding source folder /springJmsExample/src/test/java
2018-01-22 19:38:21,000 [Worker-14] INFO  o.e.m.j.i.AbstractJavaProjectConfigurator - Adding resource folder /springJmsExample/src/test/resources
2018-01-22 19:38:21,076 [Worker-14] INFO  o.e.m.c.i.p.ProjectConfigurationManager - Imported and configured 1 project(s) in 18 sec
2018-01-22 19:38:21,560 [Worker-11] WARN  o.e.m.c.i.embedder.EclipseLogger - Using platform encoding (Cp1252 actually) to copy filtered resources, i.e. build is platform dependent!
2018-01-22 19:38:21,561 [Worker-11] INFO  o.e.m.c.i.embedder.EclipseLogger - Copying 1 resource
2018-01-22 19:38:21,574 [Worker-11] WARN  o.e.m.c.i.embedder.EclipseLogger - Using platform encoding (Cp1252 actually) to copy filtered resources, i.e. build is platform dependent!
2018-01-22 19:38:21,575 [Worker-11] INFO  o.e.m.c.i.embedder.EclipseLogger - Copying 0 resource
2018-01-24 13:33:06,251 [Worker-0] INFO  c.g.t.t.d.PublishedGradleVersions - Gradle version information cache is up-to-date. Trying to read.
2018-01-24 13:33:11,495 [Worker-0] INFO  o.e.m.c.i.l.LifecycleMappingFactory - Using org.maven.ide.eclipse.wtp.WarLifecycleMapping lifecycle mapping for MavenProject: com.websystique.springmvc:Spring4MVCJmsActiveMQExample:1.0.0 @ D:\SpringJMS\Spring4MVCJmsActiveMQExample\pom.xml.
2018-01-24 13:33:11,514 [Worker-3] INFO  o.e.m.c.i.l.LifecycleMappingFactory - Using org.maven.ide.eclipse.wtp.WarLifecycleMapping lifecycle mapping for MavenProject: com.websystique.springmvc:Spring4MVCJmsActiveMQExample:1.0.0 @ D:\SpringJMS\Spring4MVCJmsActiveMQExample\pom.xml.
2018-01-24 13:33:18,089 [Worker-0] WARN  o.e.m.c.i.embedder.EclipseLogger - Using platform encoding (Cp1252 actually) to copy filtered resources, i.e. build is platform dependent!
2018-01-24 13:33:18,125 [Worker-0] INFO  o.e.m.c.i.embedder.EclipseLogger - Copying 0 resource
2018-01-24 13:33:18,128 [Worker-0] WARN  o.e.m.c.i.embedder.EclipseLogger - Using platform encoding (Cp1252 actually) to copy filtered resources, i.e. build is platform dependent!
2018-01-24 13:33:18,130 [Worker-0] INFO  o.e.m.c.i.embedder.EclipseLogger - skip non existing resourceDirectory D:\SpringJMS\Spring4MVCJmsActiveMQExample\src\test\resources
2018-01-24 13:33:19,636 [Worker-3] INFO  o.e.m.c.i.l.LifecycleMappingFactory - Using org.maven.ide.eclipse.wtp.WarLifecycleMapping lifecycle mapping for MavenProject: com.websystique.springmvc:Spring4MVCJmsActiveMQExample:1.0.0 @ D:\SpringJMS\Spring4MVCJmsActiveMQExample\pom.xml.
2018-01-24 13:33:19,647 [Worker-0] INFO  o.e.m.c.i.l.LifecycleMappingFactory - Using org.maven.ide.eclipse.wtp.WarLifecycleMapping lifecycle mapping for MavenProject: com.websystique.springmvc:Spring4MVCJmsActiveMQOrderInventory:1.0.0 @ D:\SpringJMS\Spring4MVCJmsActiveMQOrderInventory\pom.xml.
2018-01-24 13:33:21,533 [Worker-0] WARN  o.e.m.c.i.embedder.EclipseLogger - Using platform encoding (Cp1252 actually) to copy filtered resources, i.e. build is platform dependent!
2018-01-24 13:33:21,536 [Worker-0] INFO  o.e.m.c.i.embedder.EclipseLogger - Copying 0 resource
2018-01-24 13:33:21,538 [Worker-0] WARN  o.e.m.c.i.embedder.EclipseLogger - Using platform encoding (Cp1252 actually) to copy filtered resources, i.e. build is platform dependent!
2018-01-24 13:33:21,539 [Worker-0] INFO  o.e.m.c.i.embedder.EclipseLogger - skip non existing resourceDirectory D:\SpringJMS\Spring4MVCJmsActiveMQOrderInventory\src\test\resources
2018-01-24 13:33:22,338 [Worker-0] INFO  o.e.m.c.i.l.LifecycleMappingFactory - Using org.eclipse.m2e.jdt.JarLifecycleMapping lifecycle mapping for MavenProject: com.javacodegeeks.camel:springQuartzScheduler:0.0.1-SNAPSHOT @ D:\SpringJMS\springJmsExample\pom.xml.
2018-01-24 13:33:23,086 [Worker-0] WARN  o.e.m.c.i.embedder.EclipseLogger - Using platform encoding (Cp1252 actually) to copy filtered resources, i.e. build is platform dependent!
2018-01-24 13:33:23,088 [Worker-0] INFO  o.e.m.c.i.embedder.EclipseLogger - Copying 1 resource
2018-01-24 13:33:23,108 [Worker-0] WARN  o.e.m.c.i.embedder.EclipseLogger - Using platform encoding (Cp1252 actually) to copy filtered resources, i.e. build is platform dependent!
2018-01-24 13:33:23,110 [Worker-0] INFO  o.e.m.c.i.embedder.EclipseLogger - Copying 0 resource
2018-01-24 13:33:23,722 [Worker-8] INFO  o.e.m.c.i.l.LifecycleMappingFactory - Using org.maven.ide.eclipse.wtp.WarLifecycleMapping lifecycle mapping for MavenProject: com.websystique.springmvc:Spring4MVCJmsActiveMQExample:1.0.0 @ D:\SpringJMS\Spring4MVCJmsActiveMQExample\pom.xml.
2018-01-24 13:33:24,125 [Worker-8] INFO  o.e.m.c.i.l.LifecycleMappingFactory - Using org.maven.ide.eclipse.wtp.WarLifecycleMapping lifecycle mapping for MavenProject: com.websystique.springmvc:Spring4MVCJmsActiveMQOrderInventory:1.0.0 @ D:\SpringJMS\Spring4MVCJmsActiveMQOrderInventory\pom.xml.
2018-01-24 13:33:24,427 [Worker-8] INFO  o.e.m.c.i.l.LifecycleMappingFactory - Using org.eclipse.m2e.jdt.JarLifecycleMapping lifecycle mapping for MavenProject: com.javacodegeeks.camel:springQuartzScheduler:0.0.1-SNAPSHOT @ D:\SpringJMS\springJmsExample\pom.xml.
